{"C:\\Users\\jh\\work\\react\\toodle\\src\\AboutPage.js": {"path":"C:\\Users\\jh\\work\\react\\toodle\\src\\AboutPage.js","statementMap":{"0":{"start":{"line":1,"column":39},"end":{"line":1,"column":101}},"1":{"start":{"line":1,"column":120},"end":{"line":1,"column":175}},"2":{"start":{"line":1,"column":342},"end":{"line":1,"column":396}},"3":{"start":{"line":1,"column":397},"end":{"line":4,"column":234}}},"fnMap":{"0":{"name":"_interopRequireDefault","decl":{"start":{"line":1,"column":313},"end":{"line":1,"column":335}},"loc":{"start":{"line":1,"column":341},"end":{"line":1,"column":397}}},"1":{"name":"(anonymous_1)","decl":{"start":{"line":3,"column":0},"end":{"line":3,"column":1}},"loc":{"start":{"line":3,"column":38},"end":{"line":4,"column":233}}}},"branchMap":{"0":{"loc":{"start":{"line":1,"column":349},"end":{"line":1,"column":395}},"type":"cond-expr","locations":[{"start":{"line":1,"column":373},"end":{"line":1,"column":376}},{"start":{"line":1,"column":379},"end":{"line":1,"column":395}}]},"1":{"loc":{"start":{"line":1,"column":349},"end":{"line":1,"column":370}},"type":"binary-expr","locations":[{"start":{"line":1,"column":349},"end":{"line":1,"column":352}},{"start":{"line":1,"column":356},"end":{"line":1,"column":370}}]}},"s":{"0":0,"1":0,"2":0,"3":0},"f":{"0":0,"1":0},"b":{"0":[0,0],"1":[0,0]}}
,"C:\\Users\\jh\\work\\react\\toodle\\src\\App.js": {"path":"C:\\Users\\jh\\work\\react\\toodle\\src\\App.js","statementMap":{"0":{"start":{"line":1,"column":39},"end":{"line":1,"column":101}},"1":{"start":{"line":1,"column":120},"end":{"line":1,"column":169}},"2":{"start":{"line":4,"column":187},"end":{"line":4,"column":241}},"3":{"start":{"line":6,"column":15},"end":{"line":14,"column":1}},"4":{"start":{"line":7,"column":15},"end":{"line":7,"column":52}},"5":{"start":{"line":8,"column":2},"end":{"line":13,"column":3}},"6":{"start":{"line":9,"column":13},"end":{"line":9,"column":34}},"7":{"start":{"line":10,"column":20},"end":{"line":10,"column":63}},"8":{"start":{"line":11,"column":4},"end":{"line":11,"column":27}},"9":{"start":{"line":12,"column":4},"end":{"line":12,"column":37}},"10":{"start":{"line":12,"column":19},"end":{"line":12,"column":37}},"11":{"start":{"line":16,"column":15},"end":{"line":17,"column":283}}},"fnMap":{"0":{"name":"_interopRequireDefault","decl":{"start":{"line":4,"column":158},"end":{"line":4,"column":180}},"loc":{"start":{"line":4,"column":186},"end":{"line":4,"column":242}}},"1":{"name":"closeNav","decl":{"start":{"line":6,"column":24},"end":{"line":6,"column":32}},"loc":{"start":{"line":6,"column":36},"end":{"line":14,"column":1}}},"2":{"name":"MenuLink","decl":{"start":{"line":16,"column":24},"end":{"line":16,"column":32}},"loc":{"start":{"line":16,"column":92},"end":{"line":17,"column":283}}}},"branchMap":{"0":{"loc":{"start":{"line":4,"column":194},"end":{"line":4,"column":240}},"type":"cond-expr","locations":[{"start":{"line":4,"column":218},"end":{"line":4,"column":221}},{"start":{"line":4,"column":224},"end":{"line":4,"column":240}}]},"1":{"loc":{"start":{"line":4,"column":194},"end":{"line":4,"column":215}},"type":"binary-expr","locations":[{"start":{"line":4,"column":194},"end":{"line":4,"column":197}},{"start":{"line":4,"column":201},"end":{"line":4,"column":215}}]},"2":{"loc":{"start":{"line":8,"column":2},"end":{"line":13,"column":3}},"type":"if","locations":[{"start":{"line":8,"column":2},"end":{"line":13,"column":3}},{"start":{"line":8,"column":2},"end":{"line":13,"column":3}}]},"3":{"loc":{"start":{"line":8,"column":6},"end":{"line":8,"column":37}},"type":"binary-expr","locations":[{"start":{"line":8,"column":6},"end":{"line":8,"column":12}},{"start":{"line":8,"column":16},"end":{"line":8,"column":37}}]},"4":{"loc":{"start":{"line":12,"column":4},"end":{"line":12,"column":37}},"type":"if","locations":[{"start":{"line":12,"column":4},"end":{"line":12,"column":37}},{"start":{"line":12,"column":4},"end":{"line":12,"column":37}}]}},"s":{"0":0,"1":0,"2":0,"3":0,"4":0,"5":0,"6":0,"7":0,"8":0,"9":0,"10":0,"11":0},"f":{"0":0,"1":0,"2":0},"b":{"0":[0,0],"1":[0,0],"2":[0,0],"3":[0,0],"4":[0,0]}}
,"C:\\Users\\jh\\work\\react\\toodle\\src\\TodosPage.js": {"path":"C:\\Users\\jh\\work\\react\\toodle\\src\\TodosPage.js","statementMap":{"0":{"start":{"line":1,"column":39},"end":{"line":1,"column":101}},"1":{"start":{"line":1,"column":120},"end":{"line":1,"column":175}},"2":{"start":{"line":4,"column":219},"end":{"line":4,"column":273}},"3":{"start":{"line":4,"column":274},"end":{"line":18,"column":220}}},"fnMap":{"0":{"name":"_interopRequireDefault","decl":{"start":{"line":4,"column":190},"end":{"line":4,"column":212}},"loc":{"start":{"line":4,"column":218},"end":{"line":4,"column":274}}},"1":{"name":"(anonymous_1)","decl":{"start":{"line":6,"column":0},"end":{"line":6,"column":1}},"loc":{"start":{"line":6,"column":38},"end":{"line":18,"column":219}}}},"branchMap":{"0":{"loc":{"start":{"line":4,"column":226},"end":{"line":4,"column":272}},"type":"cond-expr","locations":[{"start":{"line":4,"column":250},"end":{"line":4,"column":253}},{"start":{"line":4,"column":256},"end":{"line":4,"column":272}}]},"1":{"loc":{"start":{"line":4,"column":226},"end":{"line":4,"column":247}},"type":"binary-expr","locations":[{"start":{"line":4,"column":226},"end":{"line":4,"column":229}},{"start":{"line":4,"column":233},"end":{"line":4,"column":247}}]}},"s":{"0":0,"1":0,"2":0,"3":0},"f":{"0":0,"1":0},"b":{"0":[0,0],"1":[0,0]}}
,"C:\\Users\\jh\\work\\react\\toodle\\src\\index.js": {"path":"C:\\Users\\jh\\work\\react\\toodle\\src\\index.js","statementMap":{"0":{"start":{"line":1,"column":58},"end":{"line":1,"column":109}},"1":{"start":{"line":14,"column":184},"end":{"line":14,"column":238}},"2":{"start":{"line":37,"column":0},"end":{"line":59,"column":3}},"3":{"start":{"line":43,"column":17},"end":{"line":54,"column":4}},"4":{"start":{"line":44,"column":4},"end":{"line":53,"column":7}},"5":{"start":{"line":45,"column":6},"end":{"line":52,"column":7}},"6":{"start":{"line":46,"column":8},"end":{"line":46,"column":69}},"7":{"start":{"line":55,"column":2},"end":{"line":57,"column":21}}},"fnMap":{"0":{"name":"_interopRequireDefault","decl":{"start":{"line":14,"column":155},"end":{"line":14,"column":177}},"loc":{"start":{"line":14,"column":183},"end":{"line":14,"column":239}}},"1":{"name":"(anonymous_1)","decl":{"start":{"line":37,"column":32},"end":{"line":37,"column":33}},"loc":{"start":{"line":37,"column":44},"end":{"line":59,"column":1}}},"2":{"name":"(anonymous_2)","decl":{"start":{"line":43,"column":38},"end":{"line":43,"column":39}},"loc":{"start":{"line":43,"column":59},"end":{"line":54,"column":3}}},"3":{"name":"(anonymous_3)","decl":{"start":{"line":44,"column":22},"end":{"line":44,"column":23}},"loc":{"start":{"line":44,"column":42},"end":{"line":53,"column":5}}}},"branchMap":{"0":{"loc":{"start":{"line":14,"column":191},"end":{"line":14,"column":237}},"type":"cond-expr","locations":[{"start":{"line":14,"column":215},"end":{"line":14,"column":218}},{"start":{"line":14,"column":221},"end":{"line":14,"column":237}}]},"1":{"loc":{"start":{"line":14,"column":191},"end":{"line":14,"column":212}},"type":"binary-expr","locations":[{"start":{"line":14,"column":191},"end":{"line":14,"column":194}},{"start":{"line":14,"column":198},"end":{"line":14,"column":212}}]},"2":{"loc":{"start":{"line":45,"column":6},"end":{"line":52,"column":7}},"type":"if","locations":[{"start":{"line":45,"column":6},"end":{"line":52,"column":7}},{"start":{"line":45,"column":6},"end":{"line":52,"column":7}}]}},"s":{"0":0,"1":0,"2":0,"3":0,"4":0,"5":0,"6":0,"7":0},"f":{"0":0,"1":0,"2":0,"3":0},"b":{"0":[0,0],"1":[0,0],"2":[0,0]}}
,"C:\\Users\\jh\\work\\react\\toodle\\src\\redux-router-init.js": {"path":"C:\\Users\\jh\\work\\react\\toodle\\src\\redux-router-init.js","statementMap":{"0":{"start":{"line":1,"column":39},"end":{"line":1,"column":101}},"1":{"start":{"line":1,"column":101},"end":{"line":1,"column":145}},"2":{"start":{"line":10,"column":180},"end":{"line":10,"column":234}},"3":{"start":{"line":18,"column":44},"end":{"line":20,"column":64}},"4":{"start":{"line":22,"column":45},"end":{"line":22,"column":70}},"5":{"start":{"line":24,"column":38},"end":{"line":26,"column":55}},"6":{"start":{"line":30,"column":32},"end":{"line":40,"column":1}},"7":{"start":{"line":31,"column":51},"end":{"line":31,"column":57}},"8":{"start":{"line":31,"column":105},"end":{"line":31,"column":111}},"9":{"start":{"line":32,"column":2},"end":{"line":39,"column":4}},"10":{"start":{"line":33,"column":23},"end":{"line":33,"column":43}},"11":{"start":{"line":34,"column":4},"end":{"line":37,"column":5}},"12":{"start":{"line":35,"column":6},"end":{"line":35,"column":38}},"13":{"start":{"line":36,"column":6},"end":{"line":36,"column":47}},"14":{"start":{"line":38,"column":4},"end":{"line":38,"column":30}},"15":{"start":{"line":42,"column":40},"end":{"line":43,"column":53}}},"fnMap":{"0":{"name":"_interopRequireDefault","decl":{"start":{"line":10,"column":151},"end":{"line":10,"column":173}},"loc":{"start":{"line":10,"column":179},"end":{"line":10,"column":235}}},"1":{"name":"createSelectLocationState","decl":{"start":{"line":30,"column":41},"end":{"line":30,"column":66}},"loc":{"start":{"line":30,"column":69},"end":{"line":40,"column":1}}},"2":{"name":"(anonymous_2)","decl":{"start":{"line":32,"column":9},"end":{"line":32,"column":10}},"loc":{"start":{"line":32,"column":26},"end":{"line":39,"column":3}}}},"branchMap":{"0":{"loc":{"start":{"line":10,"column":187},"end":{"line":10,"column":233}},"type":"cond-expr","locations":[{"start":{"line":10,"column":211},"end":{"line":10,"column":214}},{"start":{"line":10,"column":217},"end":{"line":10,"column":233}}]},"1":{"loc":{"start":{"line":10,"column":187},"end":{"line":10,"column":208}},"type":"binary-expr","locations":[{"start":{"line":10,"column":187},"end":{"line":10,"column":190}},{"start":{"line":10,"column":194},"end":{"line":10,"column":208}}]},"2":{"loc":{"start":{"line":26,"column":0},"end":{"line":26,"column":54}},"type":"binary-expr","locations":[{"start":{"line":26,"column":0},"end":{"line":26,"column":24}},{"start":{"line":26,"column":28},"end":{"line":26,"column":54}}]},"3":{"loc":{"start":{"line":34,"column":4},"end":{"line":37,"column":5}},"type":"if","locations":[{"start":{"line":34,"column":4},"end":{"line":37,"column":5}},{"start":{"line":34,"column":4},"end":{"line":37,"column":5}}]},"4":{"loc":{"start":{"line":34,"column":8},"end":{"line":34,"column":84}},"type":"binary-expr","locations":[{"start":{"line":34,"column":8},"end":{"line":34,"column":47}},{"start":{"line":34,"column":51},"end":{"line":34,"column":84}}]}},"s":{"0":0,"1":0,"2":0,"3":0,"4":0,"5":0,"6":0,"7":0,"8":0,"9":0,"10":0,"11":0,"12":0,"13":0,"14":0,"15":0},"f":{"0":0,"1":0,"2":0},"b":{"0":[0,0],"1":[0,0],"2":[0,0],"3":[0,0],"4":[0,0]}}
,"C:\\Users\\jh\\work\\react\\toodle\\src\\actions\\AppMenuActions.js": {"path":"C:\\Users\\jh\\work\\react\\toodle\\src\\actions\\AppMenuActions.js","statementMap":{"0":{"start":{"line":5,"column":26},"end":{"line":5,"column":38}},"1":{"start":{"line":6,"column":26},"end":{"line":6,"column":38}},"2":{"start":{"line":8,"column":25},"end":{"line":8,"column":54}},"3":{"start":{"line":9,"column":25},"end":{"line":9,"column":54}}},"fnMap":{},"branchMap":{},"s":{"0":2,"1":2,"2":2,"3":2},"f":{},"b":{},"_coverageSchema":"332fd63041d2c1bcb487cc26dd0d5f7d97098a6c","hash":"3abde61f5a33e38f1fcc4109462c6537af5521be"}
,"C:\\Users\\jh\\work\\react\\toodle\\src\\actions\\TodoActions.js": {"path":"C:\\Users\\jh\\work\\react\\toodle\\src\\actions\\TodoActions.js","statementMap":{"0":{"start":{"line":1,"column":17},"end":{"line":1,"column":18}},"1":{"start":{"line":2,"column":23},"end":{"line":6,"column":2}},"2":{"start":{"line":2,"column":34},"end":{"line":6,"column":1}},"3":{"start":{"line":8,"column":35},"end":{"line":11,"column":2}},"4":{"start":{"line":8,"column":48},"end":{"line":11,"column":1}},"5":{"start":{"line":13,"column":26},"end":{"line":16,"column":2}},"6":{"start":{"line":13,"column":35},"end":{"line":16,"column":1}}},"fnMap":{"0":{"name":"(anonymous_0)","decl":{"start":{"line":2,"column":23},"end":{"line":2,"column":24}},"loc":{"start":{"line":2,"column":34},"end":{"line":6,"column":1}}},"1":{"name":"(anonymous_1)","decl":{"start":{"line":8,"column":35},"end":{"line":8,"column":36}},"loc":{"start":{"line":8,"column":48},"end":{"line":11,"column":1}}},"2":{"name":"(anonymous_2)","decl":{"start":{"line":13,"column":26},"end":{"line":13,"column":27}},"loc":{"start":{"line":13,"column":35},"end":{"line":16,"column":1}}}},"branchMap":{},"s":{"0":1,"1":1,"2":1,"3":1,"4":1,"5":1,"6":1},"f":{"0":1,"1":1,"2":1},"b":{},"_coverageSchema":"332fd63041d2c1bcb487cc26dd0d5f7d97098a6c","hash":"19cd38ae9572faf4248ed13609afbb22608e521b"}
,"C:\\Users\\jh\\work\\react\\toodle\\src\\actions\\makeActionCreator.js": {"path":"C:\\Users\\jh\\work\\react\\toodle\\src\\actions\\makeActionCreator.js","statementMap":{"0":{"start":{"line":3,"column":2},"end":{"line":9,"column":3}},"1":{"start":{"line":4,"column":17},"end":{"line":4,"column":25}},"2":{"start":{"line":5,"column":4},"end":{"line":7,"column":6}},"3":{"start":{"line":6,"column":6},"end":{"line":6,"column":43}},"4":{"start":{"line":8,"column":4},"end":{"line":8,"column":17}}},"fnMap":{"0":{"name":"(anonymous_0)","decl":{"start":{"line":2,"column":15},"end":{"line":2,"column":16}},"loc":{"start":{"line":2,"column":49},"end":{"line":10,"column":1}}},"1":{"name":"(anonymous_1)","decl":{"start":{"line":3,"column":9},"end":{"line":3,"column":10}},"loc":{"start":{"line":3,"column":32},"end":{"line":9,"column":3}}},"2":{"name":"(anonymous_2)","decl":{"start":{"line":5,"column":21},"end":{"line":5,"column":22}},"loc":{"start":{"line":5,"column":37},"end":{"line":7,"column":5}}}},"branchMap":{},"s":{"0":5,"1":2,"2":2,"3":2,"4":2},"f":{"0":5,"1":2,"2":2},"b":{},"_coverageSchema":"332fd63041d2c1bcb487cc26dd0d5f7d97098a6c","hash":"e4ecd1c3a2b08f32d4607f43806800ee1b2202a5"}
,"C:\\Users\\jh\\work\\react\\toodle\\src\\components\\Footer.js": {"path":"C:\\Users\\jh\\work\\react\\toodle\\src\\components\\Footer.js","statementMap":{"0":{"start":{"line":1,"column":39},"end":{"line":1,"column":101}},"1":{"start":{"line":1,"column":120},"end":{"line":1,"column":184}},"2":{"start":{"line":2,"column":200},"end":{"line":2,"column":254}},"3":{"start":{"line":4,"column":13},"end":{"line":16,"column":282}}},"fnMap":{"0":{"name":"_interopRequireDefault","decl":{"start":{"line":2,"column":171},"end":{"line":2,"column":193}},"loc":{"start":{"line":2,"column":199},"end":{"line":2,"column":255}}},"1":{"name":"Footer","decl":{"start":{"line":4,"column":22},"end":{"line":4,"column":28}},"loc":{"start":{"line":4,"column":57},"end":{"line":16,"column":282}}}},"branchMap":{"0":{"loc":{"start":{"line":2,"column":207},"end":{"line":2,"column":253}},"type":"cond-expr","locations":[{"start":{"line":2,"column":231},"end":{"line":2,"column":234}},{"start":{"line":2,"column":237},"end":{"line":2,"column":253}}]},"1":{"loc":{"start":{"line":2,"column":207},"end":{"line":2,"column":228}},"type":"binary-expr","locations":[{"start":{"line":2,"column":207},"end":{"line":2,"column":210}},{"start":{"line":2,"column":214},"end":{"line":2,"column":228}}]}},"s":{"0":0,"1":0,"2":0,"3":0},"f":{"0":0,"1":0},"b":{"0":[0,0],"1":[0,0]}}
,"C:\\Users\\jh\\work\\react\\toodle\\src\\components\\Link.js": {"path":"C:\\Users\\jh\\work\\react\\toodle\\src\\components\\Link.js","statementMap":{"0":{"start":{"line":1,"column":39},"end":{"line":1,"column":101}},"1":{"start":{"line":1,"column":120},"end":{"line":1,"column":182}},"2":{"start":{"line":1,"column":349},"end":{"line":1,"column":403}},"3":{"start":{"line":3,"column":11},"end":{"line":18,"column":1}},"4":{"start":{"line":4,"column":2},"end":{"line":6,"column":3}},"5":{"start":{"line":5,"column":4},"end":{"line":5,"column":216}},"6":{"start":{"line":8,"column":2},"end":{"line":15,"column":17}},"7":{"start":{"line":11,"column":10},"end":{"line":11,"column":29}},"8":{"start":{"line":12,"column":10},"end":{"line":12,"column":21}},"9":{"start":{"line":20,"column":0},"end":{"line":23,"column":72}}},"fnMap":{"0":{"name":"_interopRequireDefault","decl":{"start":{"line":1,"column":320},"end":{"line":1,"column":342}},"loc":{"start":{"line":1,"column":348},"end":{"line":1,"column":404}}},"1":{"name":"Link","decl":{"start":{"line":3,"column":20},"end":{"line":3,"column":24}},"loc":{"start":{"line":3,"column":58},"end":{"line":18,"column":1}}},"2":{"name":"onClick","decl":{"start":{"line":10,"column":52},"end":{"line":10,"column":59}},"loc":{"start":{"line":10,"column":63},"end":{"line":13,"column":9}}}},"branchMap":{"0":{"loc":{"start":{"line":1,"column":356},"end":{"line":1,"column":402}},"type":"cond-expr","locations":[{"start":{"line":1,"column":380},"end":{"line":1,"column":383}},{"start":{"line":1,"column":386},"end":{"line":1,"column":402}}]},"1":{"loc":{"start":{"line":1,"column":356},"end":{"line":1,"column":377}},"type":"binary-expr","locations":[{"start":{"line":1,"column":356},"end":{"line":1,"column":359}},{"start":{"line":1,"column":363},"end":{"line":1,"column":377}}]},"2":{"loc":{"start":{"line":4,"column":2},"end":{"line":6,"column":3}},"type":"if","locations":[{"start":{"line":4,"column":2},"end":{"line":6,"column":3}},{"start":{"line":4,"column":2},"end":{"line":6,"column":3}}]}},"s":{"0":0,"1":0,"2":0,"3":0,"4":0,"5":0,"6":0,"7":0,"8":0,"9":0},"f":{"0":0,"1":0,"2":0},"b":{"0":[0,0],"1":[0,0],"2":[0,0]}}
,"C:\\Users\\jh\\work\\react\\toodle\\src\\components\\Todo.js": {"path":"C:\\Users\\jh\\work\\react\\toodle\\src\\components\\Todo.js","statementMap":{"0":{"start":{"line":1,"column":39},"end":{"line":1,"column":101}},"1":{"start":{"line":1,"column":120},"end":{"line":1,"column":182}},"2":{"start":{"line":1,"column":349},"end":{"line":1,"column":403}},"3":{"start":{"line":3,"column":11},"end":{"line":10,"column":14}},"4":{"start":{"line":14,"column":0},"end":{"line":17,"column":71}}},"fnMap":{"0":{"name":"_interopRequireDefault","decl":{"start":{"line":1,"column":320},"end":{"line":1,"column":342}},"loc":{"start":{"line":1,"column":348},"end":{"line":1,"column":404}}},"1":{"name":"Todo","decl":{"start":{"line":3,"column":20},"end":{"line":3,"column":24}},"loc":{"start":{"line":3,"column":84},"end":{"line":10,"column":14}}}},"branchMap":{"0":{"loc":{"start":{"line":1,"column":356},"end":{"line":1,"column":402}},"type":"cond-expr","locations":[{"start":{"line":1,"column":380},"end":{"line":1,"column":383}},{"start":{"line":1,"column":386},"end":{"line":1,"column":402}}]},"1":{"loc":{"start":{"line":1,"column":356},"end":{"line":1,"column":377}},"type":"binary-expr","locations":[{"start":{"line":1,"column":356},"end":{"line":1,"column":359}},{"start":{"line":1,"column":363},"end":{"line":1,"column":377}}]}},"s":{"0":0,"1":0,"2":0,"3":0,"4":0},"f":{"0":0,"1":0},"b":{"0":[0,0],"1":[0,0]}}
,"C:\\Users\\jh\\work\\react\\toodle\\src\\components\\TodoList.js": {"path":"C:\\Users\\jh\\work\\react\\toodle\\src\\components\\TodoList.js","statementMap":{"0":{"start":{"line":1,"column":39},"end":{"line":1,"column":101}},"1":{"start":{"line":1,"column":120},"end":{"line":1,"column":186}},"2":{"start":{"line":2,"column":164},"end":{"line":2,"column":218}},"3":{"start":{"line":4,"column":15},"end":{"line":10,"column":206}},"4":{"start":{"line":16,"column":0},"end":{"line":26,"column":76}}},"fnMap":{"0":{"name":"_interopRequireDefault","decl":{"start":{"line":2,"column":135},"end":{"line":2,"column":157}},"loc":{"start":{"line":2,"column":163},"end":{"line":2,"column":219}}},"1":{"name":"TodoList","decl":{"start":{"line":4,"column":24},"end":{"line":4,"column":32}},"loc":{"start":{"line":4,"column":92},"end":{"line":10,"column":206}}}},"branchMap":{"0":{"loc":{"start":{"line":2,"column":171},"end":{"line":2,"column":217}},"type":"cond-expr","locations":[{"start":{"line":2,"column":195},"end":{"line":2,"column":198}},{"start":{"line":2,"column":201},"end":{"line":2,"column":217}}]},"1":{"loc":{"start":{"line":2,"column":171},"end":{"line":2,"column":192}},"type":"binary-expr","locations":[{"start":{"line":2,"column":171},"end":{"line":2,"column":174}},{"start":{"line":2,"column":178},"end":{"line":2,"column":192}}]}},"s":{"0":0,"1":0,"2":0,"3":0,"4":0},"f":{"0":0,"1":0},"b":{"0":[0,0],"1":[0,0]}}
,"C:\\Users\\jh\\work\\react\\toodle\\src\\containers\\AddTodo.js": {"path":"C:\\Users\\jh\\work\\react\\toodle\\src\\containers\\AddTodo.js","statementMap":{"0":{"start":{"line":1,"column":39},"end":{"line":1,"column":101}},"1":{"start":{"line":1,"column":120},"end":{"line":1,"column":185}},"2":{"start":{"line":5,"column":14},"end":{"line":33,"column":1}},"3":{"start":{"line":6,"column":40},"end":{"line":6,"column":46}},"4":{"start":{"line":8,"column":2},"end":{"line":27,"column":359}},"5":{"start":{"line":11,"column":12},"end":{"line":11,"column":31}},"6":{"start":{"line":12,"column":12},"end":{"line":14,"column":13}},"7":{"start":{"line":13,"column":14},"end":{"line":13,"column":21}},"8":{"start":{"line":15,"column":12},"end":{"line":15,"column":88}},"9":{"start":{"line":16,"column":12},"end":{"line":16,"column":29}},"10":{"start":{"line":21,"column":14},"end":{"line":21,"column":27}},"11":{"start":{"line":34,"column":0},"end":{"line":34,"column":72}}},"fnMap":{"0":{"name":"AddTodo","decl":{"start":{"line":5,"column":49},"end":{"line":5,"column":56}},"loc":{"start":{"line":5,"column":90},"end":{"line":33,"column":1}}},"1":{"name":"onSubmit","decl":{"start":{"line":10,"column":170},"end":{"line":10,"column":178}},"loc":{"start":{"line":10,"column":182},"end":{"line":17,"column":11}}},"2":{"name":"ref","decl":{"start":{"line":20,"column":234},"end":{"line":20,"column":237}},"loc":{"start":{"line":20,"column":244},"end":{"line":22,"column":13}}}},"branchMap":{"0":{"loc":{"start":{"line":12,"column":12},"end":{"line":14,"column":13}},"type":"if","locations":[{"start":{"line":12,"column":12},"end":{"line":14,"column":13}},{"start":{"line":12,"column":12},"end":{"line":14,"column":13}}]}},"s":{"0":0,"1":0,"2":0,"3":0,"4":0,"5":0,"6":0,"7":0,"8":0,"9":0,"10":0,"11":0},"f":{"0":0,"1":0,"2":0},"b":{"0":[0,0]}}
,"C:\\Users\\jh\\work\\react\\toodle\\src\\containers\\AppMenu.js": {"path":"C:\\Users\\jh\\work\\react\\toodle\\src\\containers\\AppMenu.js","statementMap":{"0":{"start":{"line":1,"column":39},"end":{"line":1,"column":101}},"1":{"start":{"line":1,"column":120},"end":{"line":1,"column":185}},"2":{"start":{"line":5,"column":14},"end":{"line":11,"column":434}},"3":{"start":{"line":15,"column":0},"end":{"line":15,"column":72}}},"fnMap":{"0":{"name":"AppMenu","decl":{"start":{"line":5,"column":49},"end":{"line":5,"column":56}},"loc":{"start":{"line":5,"column":116},"end":{"line":11,"column":434}}}},"branchMap":{},"s":{"0":0,"1":0,"2":0,"3":0},"f":{"0":0},"b":{}}
,"C:\\Users\\jh\\work\\react\\toodle\\src\\containers\\FilterLink.js": {"path":"C:\\Users\\jh\\work\\react\\toodle\\src\\containers\\FilterLink.js","statementMap":{"0":{"start":{"line":1,"column":39},"end":{"line":1,"column":101}},"1":{"start":{"line":3,"column":176},"end":{"line":3,"column":230}},"2":{"start":{"line":5,"column":22},"end":{"line":6,"column":65}},"3":{"start":{"line":9,"column":25},"end":{"line":12,"column":9}},"4":{"start":{"line":15,"column":43},"end":{"line":17,"column":62}}},"fnMap":{"0":{"name":"_interopRequireDefault","decl":{"start":{"line":3,"column":147},"end":{"line":3,"column":169}},"loc":{"start":{"line":3,"column":175},"end":{"line":3,"column":231}}},"1":{"name":"mapStateToProps","decl":{"start":{"line":5,"column":31},"end":{"line":5,"column":46}},"loc":{"start":{"line":5,"column":90},"end":{"line":6,"column":65}}},"2":{"name":"mapDispatchToProps","decl":{"start":{"line":9,"column":34},"end":{"line":9,"column":52}},"loc":{"start":{"line":9,"column":99},"end":{"line":12,"column":9}}}},"branchMap":{"0":{"loc":{"start":{"line":3,"column":183},"end":{"line":3,"column":229}},"type":"cond-expr","locations":[{"start":{"line":3,"column":207},"end":{"line":3,"column":210}},{"start":{"line":3,"column":213},"end":{"line":3,"column":229}}]},"1":{"loc":{"start":{"line":3,"column":183},"end":{"line":3,"column":204}},"type":"binary-expr","locations":[{"start":{"line":3,"column":183},"end":{"line":3,"column":186}},{"start":{"line":3,"column":190},"end":{"line":3,"column":204}}]}},"s":{"0":0,"1":0,"2":0,"3":0,"4":0},"f":{"0":0,"1":0,"2":0},"b":{"0":[0,0],"1":[0,0]}}
,"C:\\Users\\jh\\work\\react\\toodle\\src\\containers\\VisibleTodoList.js": {"path":"C:\\Users\\jh\\work\\react\\toodle\\src\\containers\\VisibleTodoList.js","statementMap":{"0":{"start":{"line":1,"column":39},"end":{"line":1,"column":101}},"1":{"start":{"line":3,"column":192},"end":{"line":3,"column":246}},"2":{"start":{"line":5,"column":22},"end":{"line":16,"column":1}},"3":{"start":{"line":6,"column":2},"end":{"line":14,"column":52}},"4":{"start":{"line":8,"column":6},"end":{"line":8,"column":19}},"5":{"start":{"line":10,"column":6},"end":{"line":10,"column":88}},"6":{"start":{"line":12,"column":6},"end":{"line":12,"column":89}},"7":{"start":{"line":14,"column":6},"end":{"line":14,"column":51}},"8":{"start":{"line":18,"column":22},"end":{"line":24,"column":1}},"9":{"start":{"line":19,"column":14},"end":{"line":19,"column":32}},"10":{"start":{"line":20,"column":25},"end":{"line":20,"column":54}},"11":{"start":{"line":21,"column":2},"end":{"line":22,"column":54}},"12":{"start":{"line":26,"column":25},"end":{"line":27,"column":66}},"13":{"start":{"line":30,"column":48},"end":{"line":32,"column":66}}},"fnMap":{"0":{"name":"_interopRequireDefault","decl":{"start":{"line":3,"column":163},"end":{"line":3,"column":185}},"loc":{"start":{"line":3,"column":191},"end":{"line":3,"column":247}}},"1":{"name":"getVisibleTodos","decl":{"start":{"line":5,"column":31},"end":{"line":5,"column":46}},"loc":{"start":{"line":5,"column":62},"end":{"line":16,"column":1}}},"2":{"name":"(anonymous_2)","decl":{"start":{"line":10,"column":26},"end":{"line":10,"column":27}},"loc":{"start":{"line":10,"column":65},"end":{"line":10,"column":86}}},"3":{"name":"(anonymous_3)","decl":{"start":{"line":12,"column":26},"end":{"line":12,"column":27}},"loc":{"start":{"line":12,"column":65},"end":{"line":12,"column":87}}},"4":{"name":"mapStateToProps","decl":{"start":{"line":18,"column":31},"end":{"line":18,"column":46}},"loc":{"start":{"line":18,"column":54},"end":{"line":24,"column":1}}}},"branchMap":{"0":{"loc":{"start":{"line":3,"column":199},"end":{"line":3,"column":245}},"type":"cond-expr","locations":[{"start":{"line":3,"column":223},"end":{"line":3,"column":226}},{"start":{"line":3,"column":229},"end":{"line":3,"column":245}}]},"1":{"loc":{"start":{"line":3,"column":199},"end":{"line":3,"column":220}},"type":"binary-expr","locations":[{"start":{"line":3,"column":199},"end":{"line":3,"column":202}},{"start":{"line":3,"column":206},"end":{"line":3,"column":220}}]},"2":{"loc":{"start":{"line":6,"column":2},"end":{"line":14,"column":52}},"type":"switch","locations":[{"start":{"line":7,"column":4},"end":{"line":8,"column":19}},{"start":{"line":9,"column":4},"end":{"line":10,"column":88}},{"start":{"line":11,"column":4},"end":{"line":12,"column":89}},{"start":{"line":13,"column":4},"end":{"line":14,"column":51}}]}},"s":{"0":0,"1":0,"2":0,"3":0,"4":0,"5":0,"6":0,"7":0,"8":0,"9":0,"10":0,"11":0,"12":0,"13":0},"f":{"0":0,"1":0,"2":0,"3":0,"4":0},"b":{"0":[0,0],"1":[0,0],"2":[0,0,0,0]}}
,"C:\\Users\\jh\\work\\react\\toodle\\src\\reducers\\appMenuReducers.js": {"path":"C:\\Users\\jh\\work\\react\\toodle\\src\\reducers\\appMenuReducers.js","statementMap":{"0":{"start":{"line":4,"column":21},"end":{"line":7,"column":2}},"1":{"start":{"line":9,"column":24},"end":{"line":22,"column":1}},"2":{"start":{"line":11,"column":2},"end":{"line":21,"column":3}},"3":{"start":{"line":13,"column":6},"end":{"line":16,"column":9}},"4":{"start":{"line":18,"column":6},"end":{"line":18,"column":25}},"5":{"start":{"line":20,"column":6},"end":{"line":20,"column":18}}},"fnMap":{"0":{"name":"(anonymous_0)","decl":{"start":{"line":9,"column":24},"end":{"line":9,"column":25}},"loc":{"start":{"line":9,"column":58},"end":{"line":22,"column":1}}}},"branchMap":{"0":{"loc":{"start":{"line":9,"column":25},"end":{"line":9,"column":45}},"type":"default-arg","locations":[{"start":{"line":9,"column":33},"end":{"line":9,"column":45}}]},"1":{"loc":{"start":{"line":11,"column":2},"end":{"line":21,"column":3}},"type":"switch","locations":[{"start":{"line":12,"column":4},"end":{"line":16,"column":9}},{"start":{"line":17,"column":4},"end":{"line":18,"column":25}},{"start":{"line":19,"column":4},"end":{"line":20,"column":18}}]}},"s":{"0":1,"1":1,"2":3,"3":1,"4":1,"5":1},"f":{"0":3},"b":{"0":[1],"1":[1,1,1]},"_coverageSchema":"332fd63041d2c1bcb487cc26dd0d5f7d97098a6c","hash":"ec90959d37b6765856c4c2ccdf21aef9bf44c474"}
,"C:\\Users\\jh\\work\\react\\toodle\\src\\reducers\\index.js": {"path":"C:\\Users\\jh\\work\\react\\toodle\\src\\reducers\\index.js","statementMap":{"0":{"start":{"line":4,"column":17},"end":{"line":7,"column":1}}},"fnMap":{},"branchMap":{},"s":{"0":1},"f":{},"b":{},"_coverageSchema":"332fd63041d2c1bcb487cc26dd0d5f7d97098a6c","hash":"5b5f571c675f11758a50f5bcbea9e30340f854e7"}
,"C:\\Users\\jh\\work\\react\\toodle\\src\\reducers\\router-reducer.js": {"path":"C:\\Users\\jh\\work\\react\\toodle\\src\\reducers\\router-reducer.js","statementMap":{"0":{"start":{"line":8,"column":28},"end":{"line":10,"column":2}},"1":{"start":{"line":15,"column":4},"end":{"line":19,"column":5}},"2":{"start":{"line":16,"column":8},"end":{"line":18,"column":11}},"3":{"start":{"line":21,"column":4},"end":{"line":21,"column":17}}},"fnMap":{"0":{"name":"(anonymous_0)","decl":{"start":{"line":14,"column":15},"end":{"line":14,"column":16}},"loc":{"start":{"line":14,"column":49},"end":{"line":22,"column":1}}}},"branchMap":{"0":{"loc":{"start":{"line":14,"column":16},"end":{"line":14,"column":36}},"type":"default-arg","locations":[{"start":{"line":14,"column":24},"end":{"line":14,"column":36}}]},"1":{"loc":{"start":{"line":15,"column":4},"end":{"line":19,"column":5}},"type":"if","locations":[{"start":{"line":15,"column":4},"end":{"line":19,"column":5}},{"start":{"line":15,"column":4},"end":{"line":19,"column":5}}]}},"s":{"0":1,"1":2,"2":1,"3":1},"f":{"0":2},"b":{"0":[2],"1":[1,1]},"_coverageSchema":"332fd63041d2c1bcb487cc26dd0d5f7d97098a6c","hash":"edfcb964f5c7fa2d432da6f647d3574ba58f7acf"}
,"C:\\Users\\jh\\work\\react\\toodle\\src\\reducers\\todos.js": {"path":"C:\\Users\\jh\\work\\react\\toodle\\src\\reducers\\todos.js","statementMap":{"0":{"start":{"line":3,"column":13},"end":{"line":23,"column":1}},"1":{"start":{"line":4,"column":2},"end":{"line":22,"column":3}},"2":{"start":{"line":6,"column":6},"end":{"line":10,"column":7}},"3":{"start":{"line":12,"column":6},"end":{"line":14,"column":7}},"4":{"start":{"line":13,"column":8},"end":{"line":13,"column":20}},"5":{"start":{"line":16,"column":6},"end":{"line":19,"column":7}},"6":{"start":{"line":21,"column":6},"end":{"line":21,"column":18}},"7":{"start":{"line":25,"column":14},"end":{"line":37,"column":1}},"8":{"start":{"line":26,"column":2},"end":{"line":36,"column":3}},"9":{"start":{"line":28,"column":6},"end":{"line":28,"column":51}},"10":{"start":{"line":31,"column":6},"end":{"line":33,"column":8}},"11":{"start":{"line":32,"column":8},"end":{"line":32,"column":30}},"12":{"start":{"line":35,"column":6},"end":{"line":35,"column":18}}},"fnMap":{"0":{"name":"(anonymous_0)","decl":{"start":{"line":3,"column":13},"end":{"line":3,"column":14}},"loc":{"start":{"line":3,"column":55},"end":{"line":23,"column":1}}},"1":{"name":"(anonymous_1)","decl":{"start":{"line":25,"column":14},"end":{"line":25,"column":15}},"loc":{"start":{"line":25,"column":56},"end":{"line":37,"column":1}}},"2":{"name":"(anonymous_2)","decl":{"start":{"line":31,"column":23},"end":{"line":31,"column":24}},"loc":{"start":{"line":31,"column":34},"end":{"line":33,"column":7}}}},"branchMap":{"0":{"loc":{"start":{"line":3,"column":14},"end":{"line":3,"column":42}},"type":"default-arg","locations":[{"start":{"line":3,"column":22},"end":{"line":3,"column":42}}]},"1":{"loc":{"start":{"line":4,"column":2},"end":{"line":22,"column":3}},"type":"switch","locations":[{"start":{"line":5,"column":4},"end":{"line":10,"column":7}},{"start":{"line":11,"column":4},"end":{"line":19,"column":7}},{"start":{"line":20,"column":4},"end":{"line":21,"column":18}}]},"2":{"loc":{"start":{"line":12,"column":6},"end":{"line":14,"column":7}},"type":"if","locations":[{"start":{"line":12,"column":6},"end":{"line":14,"column":7}},{"start":{"line":12,"column":6},"end":{"line":14,"column":7}}]},"3":{"loc":{"start":{"line":25,"column":15},"end":{"line":25,"column":43}},"type":"default-arg","locations":[{"start":{"line":25,"column":23},"end":{"line":25,"column":43}}]},"4":{"loc":{"start":{"line":26,"column":2},"end":{"line":36,"column":3}},"type":"switch","locations":[{"start":{"line":27,"column":4},"end":{"line":28,"column":51}},{"start":{"line":30,"column":4},"end":{"line":33,"column":8}},{"start":{"line":34,"column":4},"end":{"line":35,"column":18}}]}},"s":{"0":2,"1":7,"2":3,"3":3,"4":2,"5":1,"6":1,"7":2,"8":5,"9":3,"10":1,"11":2,"12":1},"f":{"0":7,"1":5,"2":2},"b":{"0":[3],"1":[3,3,1],"2":[2,1],"3":[1],"4":[3,1,1]},"_coverageSchema":"332fd63041d2c1bcb487cc26dd0d5f7d97098a6c","hash":"681696c342a7ea8d25c72e27e0547f0bd243bae8"}
,"C:\\Users\\jh\\work\\react\\toodle\\src\\reducers\\visibilityFilter.js": {"path":"C:\\Users\\jh\\work\\react\\toodle\\src\\reducers\\visibilityFilter.js","statementMap":{"0":{"start":{"line":1,"column":25},"end":{"line":8,"column":1}},"1":{"start":{"line":2,"column":2},"end":{"line":7,"column":3}},"2":{"start":{"line":4,"column":6},"end":{"line":4,"column":26}},"3":{"start":{"line":6,"column":6},"end":{"line":6,"column":18}}},"fnMap":{"0":{"name":"(anonymous_0)","decl":{"start":{"line":1,"column":25},"end":{"line":1,"column":26}},"loc":{"start":{"line":1,"column":57},"end":{"line":8,"column":1}}}},"branchMap":{"0":{"loc":{"start":{"line":1,"column":26},"end":{"line":1,"column":44}},"type":"default-arg","locations":[{"start":{"line":1,"column":34},"end":{"line":1,"column":44}}]},"1":{"loc":{"start":{"line":2,"column":2},"end":{"line":7,"column":3}},"type":"switch","locations":[{"start":{"line":3,"column":4},"end":{"line":4,"column":26}},{"start":{"line":5,"column":4},"end":{"line":6,"column":18}}]}},"s":{"0":2,"1":2,"2":1,"3":1},"f":{"0":2},"b":{"0":[1],"1":[1,1]},"_coverageSchema":"332fd63041d2c1bcb487cc26dd0d5f7d97098a6c","hash":"7fcb32b001f0d93a8a1fbab40bc153fd8dc5b784"}
}
