{"C:\\Users\\jh\\work\\react\\toodle\\src\\todos.js": {"path":"C:\\Users\\jh\\work\\react\\toodle\\src\\todos.js","statementMap":{"0":{"start":{"line":1,"column":39},"end":{"line":1,"column":101}},"1":{"start":{"line":1,"column":283},"end":{"line":1,"column":337}},"2":{"start":{"line":3,"column":11},"end":{"line":23,"column":1}},"3":{"start":{"line":4,"column":2},"end":{"line":21,"column":20}},"4":{"start":{"line":6,"column":6},"end":{"line":9,"column":27}},"5":{"start":{"line":12,"column":6},"end":{"line":14,"column":7}},"6":{"start":{"line":13,"column":8},"end":{"line":13,"column":21}},"7":{"start":{"line":16,"column":6},"end":{"line":18,"column":42}},"8":{"start":{"line":21,"column":6},"end":{"line":21,"column":19}},"9":{"start":{"line":25,"column":12},"end":{"line":40,"column":1}},"10":{"start":{"line":26,"column":2},"end":{"line":38,"column":20}},"11":{"start":{"line":28,"column":6},"end":{"line":28,"column":51}},"12":{"start":{"line":31,"column":6},"end":{"line":33,"column":9}},"13":{"start":{"line":32,"column":8},"end":{"line":32,"column":31}},"14":{"start":{"line":38,"column":6},"end":{"line":38,"column":19}}},"fnMap":{"0":{"name":"_interopRequireDefault","decl":{"start":{"line":1,"column":254},"end":{"line":1,"column":276}},"loc":{"start":{"line":1,"column":282},"end":{"line":1,"column":338}}},"1":{"name":"todo","decl":{"start":{"line":3,"column":20},"end":{"line":3,"column":24}},"loc":{"start":{"line":3,"column":27},"end":{"line":23,"column":1}}},"2":{"name":"todos","decl":{"start":{"line":25,"column":21},"end":{"line":25,"column":26}},"loc":{"start":{"line":25,"column":29},"end":{"line":40,"column":1}}},"3":{"name":"(anonymous_3)","decl":{"start":{"line":31,"column":23},"end":{"line":31,"column":24}},"loc":{"start":{"line":31,"column":36},"end":{"line":33,"column":7}}}},"branchMap":{"0":{"loc":{"start":{"line":1,"column":290},"end":{"line":1,"column":336}},"type":"cond-expr","locations":[{"start":{"line":1,"column":314},"end":{"line":1,"column":317}},{"start":{"line":1,"column":320},"end":{"line":1,"column":336}}]},"1":{"loc":{"start":{"line":1,"column":290},"end":{"line":1,"column":311}},"type":"binary-expr","locations":[{"start":{"line":1,"column":290},"end":{"line":1,"column":293}},{"start":{"line":1,"column":297},"end":{"line":1,"column":311}}]},"2":{"loc":{"start":{"line":4,"column":2},"end":{"line":21,"column":20}},"type":"switch","locations":[{"start":{"line":5,"column":4},"end":{"line":9,"column":27}},{"start":{"line":11,"column":4},"end":{"line":18,"column":42}},{"start":{"line":20,"column":4},"end":{"line":21,"column":19}}]},"3":{"loc":{"start":{"line":12,"column":6},"end":{"line":14,"column":7}},"type":"if","locations":[{"start":{"line":12,"column":6},"end":{"line":14,"column":7}},{"start":{"line":12,"column":6},"end":{"line":14,"column":7}}]},"4":{"loc":{"start":{"line":26,"column":2},"end":{"line":38,"column":20}},"type":"switch","locations":[{"start":{"line":27,"column":4},"end":{"line":28,"column":51}},{"start":{"line":30,"column":4},"end":{"line":33,"column":9}},{"start":{"line":37,"column":4},"end":{"line":38,"column":19}}]}},"s":{"0":0,"1":0,"2":0,"3":0,"4":0,"5":0,"6":0,"7":0,"8":0,"9":0,"10":0,"11":0,"12":0,"13":0,"14":0},"f":{"0":0,"1":0,"2":0,"3":0},"b":{"0":[0,0],"1":[0,0],"2":[0,0,0],"3":[0,0],"4":[0,0,0]}}
,"C:\\Users\\jh\\work\\react\\toodle\\src\\x.js": {"path":"C:\\Users\\jh\\work\\react\\toodle\\src\\x.js","statementMap":{"0":{"start":{"line":1,"column":10},"end":{"line":1,"column":20}},"1":{"start":{"line":1,"column":17},"end":{"line":1,"column":20}}},"fnMap":{"0":{"name":"(anonymous_0)","decl":{"start":{"line":1,"column":10},"end":{"line":1,"column":11}},"loc":{"start":{"line":1,"column":17},"end":{"line":1,"column":20}}}},"branchMap":{},"s":{"0":1,"1":1},"f":{"0":1},"b":{},"_coverageSchema":"332fd63041d2c1bcb487cc26dd0d5f7d97098a6c","hash":"7508c7f98d4a70adfcadcc9efe95b2c4009b3cee"}
,"C:\\Users\\jh\\work\\react\\toodle\\src\\reducers\\todos.js": {"path":"C:\\Users\\jh\\work\\react\\toodle\\src\\reducers\\todos.js","statementMap":{"0":{"start":{"line":3,"column":13},"end":{"line":23,"column":1}},"1":{"start":{"line":4,"column":2},"end":{"line":22,"column":3}},"2":{"start":{"line":6,"column":6},"end":{"line":10,"column":7}},"3":{"start":{"line":12,"column":6},"end":{"line":14,"column":7}},"4":{"start":{"line":13,"column":8},"end":{"line":13,"column":20}},"5":{"start":{"line":16,"column":6},"end":{"line":19,"column":7}},"6":{"start":{"line":21,"column":6},"end":{"line":21,"column":18}},"7":{"start":{"line":25,"column":14},"end":{"line":40,"column":1}},"8":{"start":{"line":26,"column":2},"end":{"line":39,"column":3}},"9":{"start":{"line":28,"column":6},"end":{"line":28,"column":51}},"10":{"start":{"line":31,"column":6},"end":{"line":33,"column":8}},"11":{"start":{"line":32,"column":8},"end":{"line":32,"column":30}},"12":{"start":{"line":38,"column":6},"end":{"line":38,"column":18}}},"fnMap":{"0":{"name":"(anonymous_0)","decl":{"start":{"line":3,"column":13},"end":{"line":3,"column":14}},"loc":{"start":{"line":3,"column":55},"end":{"line":23,"column":1}}},"1":{"name":"(anonymous_1)","decl":{"start":{"line":25,"column":14},"end":{"line":25,"column":15}},"loc":{"start":{"line":25,"column":56},"end":{"line":40,"column":1}}},"2":{"name":"(anonymous_2)","decl":{"start":{"line":31,"column":23},"end":{"line":31,"column":24}},"loc":{"start":{"line":31,"column":34},"end":{"line":33,"column":7}}}},"branchMap":{"0":{"loc":{"start":{"line":3,"column":14},"end":{"line":3,"column":42}},"type":"default-arg","locations":[{"start":{"line":3,"column":22},"end":{"line":3,"column":42}}]},"1":{"loc":{"start":{"line":4,"column":2},"end":{"line":22,"column":3}},"type":"switch","locations":[{"start":{"line":5,"column":4},"end":{"line":10,"column":7}},{"start":{"line":11,"column":4},"end":{"line":19,"column":7}},{"start":{"line":20,"column":4},"end":{"line":21,"column":18}}]},"2":{"loc":{"start":{"line":12,"column":6},"end":{"line":14,"column":7}},"type":"if","locations":[{"start":{"line":12,"column":6},"end":{"line":14,"column":7}},{"start":{"line":12,"column":6},"end":{"line":14,"column":7}}]},"3":{"loc":{"start":{"line":25,"column":15},"end":{"line":25,"column":43}},"type":"default-arg","locations":[{"start":{"line":25,"column":23},"end":{"line":25,"column":43}}]},"4":{"loc":{"start":{"line":26,"column":2},"end":{"line":39,"column":3}},"type":"switch","locations":[{"start":{"line":27,"column":4},"end":{"line":28,"column":51}},{"start":{"line":30,"column":4},"end":{"line":33,"column":8}},{"start":{"line":37,"column":4},"end":{"line":38,"column":18}}]}},"s":{"0":1,"1":5,"2":3,"3":2,"4":1,"5":1,"6":0,"7":1,"8":5,"9":3,"10":1,"11":2,"12":1},"f":{"0":5,"1":5,"2":2},"b":{"0":[3],"1":[3,2,0],"2":[1,1],"3":[1],"4":[3,1,1]},"_coverageSchema":"332fd63041d2c1bcb487cc26dd0d5f7d97098a6c","hash":"905c77ff7e340f89481065b745c636b7ae19daee"}
}
