TN:
SF:C:\Users\jh\work\react\toodle\src\x.js
FN:1,(anonymous_0)
FNF:1
FNH:1
FNDA:1,(anonymous_0)
DA:1,1
LF:1
LH:1
BRF:0
BRH:0
end_of_record
TN:
SF:C:\Users\jh\work\react\toodle\src\reducers\todos.js
FN:3,(anonymous_0)
FN:25,(anonymous_1)
FN:31,(anonymous_2)
FNF:3
FNH:3
FNDA:7,(anonymous_0)
FNDA:5,(anonymous_1)
FNDA:2,(anonymous_2)
DA:3,1
DA:4,7
DA:6,3
DA:12,3
DA:13,2
DA:16,1
DA:21,1
DA:25,1
DA:26,5
DA:28,3
DA:31,1
DA:32,2
DA:35,1
LF:13
LH:13
BRDA:3,0,0,3
BRDA:4,1,0,3
BRDA:4,1,1,3
BRDA:4,1,2,1
BRDA:12,2,0,2
BRDA:12,2,1,1
BRDA:25,3,0,1
BRDA:26,4,0,3
BRDA:26,4,1,1
BRDA:26,4,2,1
BRF:10
BRH:10
end_of_record
TN:
SF:C:\Users\jh\work\react\toodle\src\reducers\visibilityFilter.js
FN:1,(anonymous_0)
FNF:1
FNH:1
FNDA:2,(anonymous_0)
DA:1,1
DA:2,2
DA:4,1
DA:6,1
LF:4
LH:4
BRDA:1,0,0,1
BRDA:2,1,0,1
BRDA:2,1,1,1
BRF:3
BRH:3
end_of_record
