TN:
SF:C:\Users\jh\work\react\toodle\src\x.js
FN:1,(anonymous_0)
FNF:1
FNH:1
FNDA:1,(anonymous_0)
DA:1,1
LF:1
LH:1
BRF:0
BRH:0
end_of_record
TN:
SF:C:\Users\jh\work\react\toodle\src\actions\AppMenuActions.js
FNF:0
FNH:0
DA:3,2
DA:4,2
DA:6,2
DA:7,2
LF:4
LH:4
BRF:0
BRH:0
end_of_record
TN:
SF:C:\Users\jh\work\react\toodle\src\actions\makeActionCreator.js
FN:1,(anonymous_0)
FN:2,(anonymous_1)
FN:4,(anonymous_2)
FNF:3
FNH:3
FNDA:5,(anonymous_0)
FNDA:2,(anonymous_1)
FNDA:2,(anonymous_2)
DA:2,5
DA:3,2
DA:4,2
DA:5,2
DA:7,2
LF:5
LH:5
BRF:0
BRH:0
end_of_record
TN:
SF:C:\Users\jh\work\react\toodle\src\reducers\appMenuReducers.js
FN:9,(anonymous_0)
FNF:1
FNH:1
FNDA:3,(anonymous_0)
DA:4,1
DA:9,1
DA:11,3
DA:13,1
DA:18,1
DA:20,1
LF:6
LH:6
BRDA:9,0,0,1
BRDA:11,1,0,1
BRDA:11,1,1,1
BRDA:11,1,2,1
BRF:4
BRH:4
end_of_record
TN:
SF:C:\Users\jh\work\react\toodle\src\reducers\index.js
FNF:0
FNH:0
DA:4,1
LF:1
LH:1
BRF:0
BRH:0
end_of_record
TN:
SF:C:\Users\jh\work\react\toodle\src\reducers\router-reducer.js
FN:14,(anonymous_0)
FNF:1
FNH:1
FNDA:2,(anonymous_0)
DA:8,1
DA:15,2
DA:16,1
DA:21,1
LF:4
LH:4
BRDA:14,0,0,2
BRDA:15,1,0,1
BRDA:15,1,1,1
BRF:3
BRH:3
end_of_record
TN:
SF:C:\Users\jh\work\react\toodle\src\reducers\todos.js
FN:3,(anonymous_0)
FN:25,(anonymous_1)
FN:31,(anonymous_2)
FNF:3
FNH:3
FNDA:7,(anonymous_0)
FNDA:5,(anonymous_1)
FNDA:2,(anonymous_2)
DA:3,2
DA:4,7
DA:6,3
DA:12,3
DA:13,2
DA:16,1
DA:21,1
DA:25,2
DA:26,5
DA:28,3
DA:31,1
DA:32,2
DA:35,1
LF:13
LH:13
BRDA:3,0,0,3
BRDA:4,1,0,3
BRDA:4,1,1,3
BRDA:4,1,2,1
BRDA:12,2,0,2
BRDA:12,2,1,1
BRDA:25,3,0,1
BRDA:26,4,0,3
BRDA:26,4,1,1
BRDA:26,4,2,1
BRF:10
BRH:10
end_of_record
TN:
SF:C:\Users\jh\work\react\toodle\src\reducers\visibilityFilter.js
FN:1,(anonymous_0)
FNF:1
FNH:1
FNDA:2,(anonymous_0)
DA:1,2
DA:2,2
DA:4,1
DA:6,1
LF:4
LH:4
BRDA:1,0,0,1
BRDA:2,1,0,1
BRDA:2,1,1,1
BRF:3
BRH:3
end_of_record
